c:\users\kazu\documents\visual studio 2015\projects\3dstart_back_up\3dstart\debug\vc140.pdb
c:\users\kazu\documents\visual studio 2015\projects\3dstart_back_up\3dstart\debug\vc140.idb
c:\users\kazu\documents\visual studio 2015\projects\3dstart_back_up\3dstart\debug\effect.obj
c:\users\kazu\documents\visual studio 2015\projects\3dstart_back_up\3dstart\debug\enemy.obj
c:\users\kazu\documents\visual studio 2015\projects\3dstart_back_up\3dstart\debug\game.obj
c:\users\kazu\documents\visual studio 2015\projects\3dstart_back_up\3dstart\debug\house.obj
c:\users\kazu\documents\visual studio 2015\projects\3dstart_back_up\3dstart\debug\input.obj
c:\users\kazu\documents\visual studio 2015\projects\3dstart_back_up\3dstart\debug\light.obj
c:\users\kazu\documents\visual studio 2015\projects\3dstart_back_up\3dstart\debug\main.obj
c:\users\kazu\documents\visual studio 2015\projects\3dstart_back_up\3dstart\debug\meshfield.obj
c:\users\kazu\documents\visual studio 2015\projects\3dstart_back_up\3dstart\debug\npc.obj
c:\users\kazu\documents\visual studio 2015\projects\3dstart_back_up\3dstart\debug\pig.obj
c:\users\kazu\documents\visual studio 2015\projects\3dstart_back_up\3dstart\debug\player.obj
c:\users\kazu\documents\visual studio 2015\projects\3dstart_back_up\3dstart\debug\mathwk.obj
c:\users\kazu\documents\visual studio 2015\projects\3dstart_back_up\3dstart\debug\result.obj
c:\users\kazu\documents\visual studio 2015\projects\3dstart_back_up\3dstart\debug\shadow.obj
c:\users\kazu\documents\visual studio 2015\projects\3dstart_back_up\3dstart\debug\sight.obj
c:\users\kazu\documents\visual studio 2015\projects\3dstart_back_up\3dstart\debug\skybox.obj
c:\users\kazu\documents\visual studio 2015\projects\3dstart_back_up\3dstart\debug\title.obj
c:\users\kazu\documents\visual studio 2015\projects\3dstart_back_up\3dstart\debug\ui.obj
c:\users\kazu\documents\visual studio 2015\projects\3dstart_back_up\3dstart\debug\waypoint.obj
c:\users\kazu\documents\visual studio 2015\projects\3dstart_back_up\3dstart\debug\cannon.obj
c:\users\kazu\documents\visual studio 2015\projects\3dstart_back_up\3dstart\debug\crate.obj
c:\users\kazu\documents\visual studio 2015\projects\3dstart_back_up\3dstart\debug\fade.obj
c:\users\kazu\documents\visual studio 2015\projects\3dstart_back_up\3dstart\debug\tree.obj
c:\users\kazu\documents\visual studio 2015\projects\3dstart_back_up\3dstart\debug\bullet.obj
c:\users\kazu\documents\visual studio 2015\projects\3dstart_back_up\3dstart\debug\camera.obj
c:\users\kazu\documents\visual studio 2015\projects\3dstart_back_up\3dstart\debug\car.obj
c:\users\kazu\documents\visual studio 2015\projects\3dstart_back_up\3dstart\debug\checkhit.obj
c:\users\kazu\documents\visual studio 2015\projects\3dstart_back_up\3dstart\debug\dbd.obj
c:\users\kazu\documents\visual studio 2015\projects\3dstart_back_up\3dstart\debug\environment.obj
c:\users\kazu\documents\visual studio 2015\projects\3dstart_back_up\3dstart\debug\map.obj
c:\users\kazu\documents\visual studio 2015\projects\3dstart_back_up\3dstart\debug\rock.obj
c:\users\kazu\documents\visual studio 2015\projects\3dstart_back_up\3dstart\debug\ui text.obj
c:\users\kazu\documents\visual studio 2015\projects\3dstart_back_up\debug\3dstart.ilk
c:\users\kazu\documents\visual studio 2015\projects\3dstart_back_up\debug\3dstart.exe
c:\users\kazu\documents\visual studio 2015\projects\3dstart_back_up\debug\3dstart.pdb
c:\users\kazu\documents\visual studio 2015\projects\3dstart_back_up\3dstart\debug\3dstart.res
c:\users\kazu\documents\visual studio 2015\projects\3dstart_back_up\3dstart\debug\3dstart.tlog\cl.command.1.tlog
c:\users\kazu\documents\visual studio 2015\projects\3dstart_back_up\3dstart\debug\3dstart.tlog\cl.read.1.tlog
c:\users\kazu\documents\visual studio 2015\projects\3dstart_back_up\3dstart\debug\3dstart.tlog\cl.write.1.tlog
c:\users\kazu\documents\visual studio 2015\projects\3dstart_back_up\3dstart\debug\3dstart.tlog\link.command.1.tlog
c:\users\kazu\documents\visual studio 2015\projects\3dstart_back_up\3dstart\debug\3dstart.tlog\link.read.1.tlog
c:\users\kazu\documents\visual studio 2015\projects\3dstart_back_up\3dstart\debug\3dstart.tlog\link.write.1.tlog
c:\users\kazu\documents\visual studio 2015\projects\3dstart_back_up\3dstart\debug\3dstart.tlog\rc.command.1.tlog
c:\users\kazu\documents\visual studio 2015\projects\3dstart_back_up\3dstart\debug\3dstart.tlog\rc.read.1.tlog
c:\users\kazu\documents\visual studio 2015\projects\3dstart_back_up\3dstart\debug\3dstart.tlog\rc.write.1.tlog
