c:\users\kazu\documents\visual studio 2015\projects\3dstart_back_up\3dstart\release\vc140.pdb
c:\users\kazu\documents\visual studio 2015\projects\3dstart_back_up\3dstart\release\meshfield.obj
c:\users\kazu\documents\visual studio 2015\projects\3dstart_back_up\3dstart\release\main.obj
c:\users\kazu\documents\visual studio 2015\projects\3dstart_back_up\3dstart\release\light.obj
c:\users\kazu\documents\visual studio 2015\projects\3dstart_back_up\3dstart\release\input.obj
c:\users\kazu\documents\visual studio 2015\projects\3dstart_back_up\3dstart\release\house.obj
c:\users\kazu\documents\visual studio 2015\projects\3dstart_back_up\3dstart\release\game.obj
c:\users\kazu\documents\visual studio 2015\projects\3dstart_back_up\3dstart\release\environment.obj
c:\users\kazu\documents\visual studio 2015\projects\3dstart_back_up\3dstart\release\enemy.obj
c:\users\kazu\documents\visual studio 2015\projects\3dstart_back_up\3dstart\release\effect.obj
c:\users\kazu\documents\visual studio 2015\projects\3dstart_back_up\3dstart\release\dbd.obj
c:\users\kazu\documents\visual studio 2015\projects\3dstart_back_up\3dstart\release\checkhit.obj
c:\users\kazu\documents\visual studio 2015\projects\3dstart_back_up\3dstart\release\car.obj
c:\users\kazu\documents\visual studio 2015\projects\3dstart_back_up\3dstart\release\camera.obj
c:\users\kazu\documents\visual studio 2015\projects\3dstart_back_up\3dstart\release\bullet.obj
c:\users\kazu\documents\visual studio 2015\projects\3dstart_back_up\3dstart\release\tree.obj
c:\users\kazu\documents\visual studio 2015\projects\3dstart_back_up\3dstart\release\rock.obj
c:\users\kazu\documents\visual studio 2015\projects\3dstart_back_up\3dstart\release\map.obj
c:\users\kazu\documents\visual studio 2015\projects\3dstart_back_up\3dstart\release\fade.obj
c:\users\kazu\documents\visual studio 2015\projects\3dstart_back_up\3dstart\release\crate.obj
c:\users\kazu\documents\visual studio 2015\projects\3dstart_back_up\3dstart\release\cannon.obj
c:\users\kazu\documents\visual studio 2015\projects\3dstart_back_up\3dstart\release\waypoint.obj
c:\users\kazu\documents\visual studio 2015\projects\3dstart_back_up\3dstart\release\ui.obj
c:\users\kazu\documents\visual studio 2015\projects\3dstart_back_up\3dstart\release\ui text.obj
c:\users\kazu\documents\visual studio 2015\projects\3dstart_back_up\3dstart\release\title.obj
c:\users\kazu\documents\visual studio 2015\projects\3dstart_back_up\3dstart\release\skybox.obj
c:\users\kazu\documents\visual studio 2015\projects\3dstart_back_up\3dstart\release\sight.obj
c:\users\kazu\documents\visual studio 2015\projects\3dstart_back_up\3dstart\release\shadow.obj
c:\users\kazu\documents\visual studio 2015\projects\3dstart_back_up\3dstart\release\result.obj
c:\users\kazu\documents\visual studio 2015\projects\3dstart_back_up\3dstart\release\mathwk.obj
c:\users\kazu\documents\visual studio 2015\projects\3dstart_back_up\3dstart\release\player.obj
c:\users\kazu\documents\visual studio 2015\projects\3dstart_back_up\3dstart\release\pig.obj
c:\users\kazu\documents\visual studio 2015\projects\3dstart_back_up\3dstart\release\npc.obj
c:\users\kazu\documents\visual studio 2015\projects\3dstart_back_up\release\3dstart.exe
c:\users\kazu\documents\visual studio 2015\projects\3dstart_back_up\release\3dstart.ipdb
c:\users\kazu\documents\visual studio 2015\projects\3dstart_back_up\release\3dstart.iobj
c:\users\kazu\documents\visual studio 2015\projects\3dstart_back_up\release\3dstart.pdb
c:\users\kazu\documents\visual studio 2015\projects\3dstart_back_up\3dstart\release\3dstart.res
c:\users\kazu\documents\visual studio 2015\projects\3dstart_back_up\3dstart\release\3dstart.tlog\cl.command.1.tlog
c:\users\kazu\documents\visual studio 2015\projects\3dstart_back_up\3dstart\release\3dstart.tlog\cl.read.1.tlog
c:\users\kazu\documents\visual studio 2015\projects\3dstart_back_up\3dstart\release\3dstart.tlog\cl.write.1.tlog
c:\users\kazu\documents\visual studio 2015\projects\3dstart_back_up\3dstart\release\3dstart.tlog\link.command.1.tlog
c:\users\kazu\documents\visual studio 2015\projects\3dstart_back_up\3dstart\release\3dstart.tlog\link.read.1.tlog
c:\users\kazu\documents\visual studio 2015\projects\3dstart_back_up\3dstart\release\3dstart.tlog\link.write.1.tlog
c:\users\kazu\documents\visual studio 2015\projects\3dstart_back_up\3dstart\release\3dstart.tlog\rc.command.1.tlog
c:\users\kazu\documents\visual studio 2015\projects\3dstart_back_up\3dstart\release\3dstart.tlog\rc.read.1.tlog
c:\users\kazu\documents\visual studio 2015\projects\3dstart_back_up\3dstart\release\3dstart.tlog\rc.write.1.tlog
